DEBUG:asyncio:Using selector: EpollSelector
ERROR:__main__:Ошибка при обновлении цены для USDTTRCUSDT: APIError(code=-1121): Invalid symbol.
ERROR:__main__:Ошибка при обновлении цены для USDTTRCRUB: APIError(code=-1121): Invalid symbol.
ERROR:__main__:Ошибка при обновлении цены для USDTERCUSDT: APIError(code=-1121): Invalid symbol.
ERROR:__main__:Ошибка при обновлении цены для USDTERCRUB: APIError(code=-1121): Invalid symbol.
ERROR:__main__:Ошибка при обновлении цены для USDTTRCUSDT: APIError(code=-1121): Invalid symbol.
ERROR:__main__:Ошибка при обновлении цены для USDTTRCRUB: APIError(code=-1121): Invalid symbol.
ERROR:__main__:Ошибка при обновлении цены для USDTERCUSDT: APIError(code=-1121): Invalid symbol.
ERROR:__main__:Ошибка при обновлении цены для USDTERCRUB: APIError(code=-1121): Invalid symbol.
ERROR:__main__:Ошибка при обновлении цены для USDTTRCUSDT: APIError(code=-1121): Invalid symbol.
ERROR:__main__:Ошибка при обновлении цены для USDTTRCRUB: APIError(code=-1121): Invalid symbol.
ERROR:__main__:Ошибка при обновлении цены для USDTERCUSDT: APIError(code=-1121): Invalid symbol.
ERROR:__main__:Ошибка при обновлении цены для USDTERCRUB: APIError(code=-1121): Invalid symbol.
ERROR:__main__:Ошибка при обновлении цены для USDTTRCUSDT: APIError(code=-1121): Invalid symbol.
ERROR:__main__:Ошибка при обновлении цены для USDTTRCRUB: APIError(code=-1121): Invalid symbol.
ERROR:__main__:Ошибка при обновлении цены для USDTERCUSDT: APIError(code=-1121): Invalid symbol.
ERROR:__main__:Ошибка при обновлении цены для USDTERCRUB: APIError(code=-1121): Invalid symbol.
ERROR:__main__:Ошибка при обновлении цены для USDTTRCUSDT: APIError(code=-1121): Invalid symbol.
ERROR:__main__:Ошибка при обновлении цены для USDTTRCRUB: APIError(code=-1121): Invalid symbol.
ERROR:__main__:Ошибка при обновлении цены для USDTERCUSDT: APIError(code=-1121): Invalid symbol.
ERROR:__main__:Ошибка при обновлении цены для USDTERCRUB: APIError(code=-1121): Invalid symbol.
ERROR:__main__:Ошибка при обновлении цены для USDTTRCUSDT: APIError(code=-1121): Invalid symbol.
ERROR:__main__:Ошибка при обновлении цены для USDTTRCRUB: APIError(code=-1121): Invalid symbol.
ERROR:__main__:Ошибка при обновлении цены для USDTERCUSDT: APIError(code=-1121): Invalid symbol.
ERROR:__main__:Ошибка при обновлении цены для USDTERCRUB: APIError(code=-1121): Invalid symbol.
ERROR:__main__:Ошибка при обновлении цены для USDTTRCUSDT: APIError(code=-1121): Invalid symbol.
ERROR:__main__:Ошибка при обновлении цены для USDTTRCRUB: APIError(code=-1121): Invalid symbol.
ERROR:__main__:Ошибка при обновлении цены для USDTERCUSDT: APIError(code=-1121): Invalid symbol.
ERROR:__main__:Ошибка при обновлении цены для USDTERCRUB: APIError(code=-1121): Invalid symbol.
ERROR:__main__:Ошибка при обновлении цены для USDTTRCUSDT: APIError(code=-1121): Invalid symbol.
ERROR:__main__:Ошибка при обновлении цены для USDTTRCRUB: APIError(code=-1121): Invalid symbol.
ERROR:__main__:Ошибка при обновлении цены для USDTERCUSDT: APIError(code=-1121): Invalid symbol.
ERROR:__main__:Ошибка при обновлении цены для USDTERCRUB: APIError(code=-1121): Invalid symbol.
ERROR:__main__:Ошибка при обновлении цены для USDTTRCUSDT: APIError(code=-1121): Invalid symbol.
ERROR:__main__:Ошибка при обновлении цены для USDTTRCRUB: APIError(code=-1121): Invalid symbol.
ERROR:__main__:Ошибка при обновлении цены для USDTERCUSDT: APIError(code=-1121): Invalid symbol.
ERROR:__main__:Ошибка при обновлении цены для USDTERCRUB: APIError(code=-1121): Invalid symbol.
ERROR:__main__:Ошибка при обновлении цены для USDTTRCUSDT: APIError(code=-1121): Invalid symbol.
ERROR:__main__:Ошибка при обновлении цены для USDTTRCRUB: APIError(code=-1121): Invalid symbol.
ERROR:__main__:Ошибка при обновлении цены для USDTERCUSDT: APIError(code=-1121): Invalid symbol.
ERROR:__main__:Ошибка при обновлении цены для USDTERCRUB: APIError(code=-1121): Invalid symbol.
ERROR:__main__:Ошибка при обновлении цены для USDTTRCUSDT: APIError(code=-1121): Invalid symbol.
ERROR:__main__:Ошибка при обновлении цены для USDTTRCRUB: APIError(code=-1121): Invalid symbol.
ERROR:__main__:Ошибка при обновлении цены для USDTERCUSDT: APIError(code=-1121): Invalid symbol.
ERROR:__main__:Ошибка при обновлении цены для USDTERCRUB: APIError(code=-1121): Invalid symbol.
ERROR:__main__:Ошибка при обновлении цены для USDTTRCUSDT: APIError(code=-1121): Invalid symbol.
ERROR:__main__:Ошибка при обновлении цены для USDTTRCRUB: APIError(code=-1121): Invalid symbol.
ERROR:__main__:Ошибка при обновлении цены для USDTERCUSDT: APIError(code=-1121): Invalid symbol.
ERROR:__main__:Ошибка при обновлении цены для USDTERCRUB: APIError(code=-1121): Invalid symbol.
ERROR:__main__:Ошибка при обновлении цены для USDTTRCUSDT: APIError(code=-1121): Invalid symbol.
ERROR:__main__:Ошибка при обновлении цены для USDTTRCRUB: APIError(code=-1121): Invalid symbol.
ERROR:__main__:Ошибка при обновлении цены для USDTERCUSDT: APIError(code=-1121): Invalid symbol.
ERROR:__main__:Ошибка при обновлении цены для USDTERCRUB: APIError(code=-1121): Invalid symbol.
ERROR:__main__:Ошибка при обновлении цены для USDTTRCUSDT: APIError(code=-1121): Invalid symbol.
ERROR:__main__:Ошибка при обновлении цены для USDTTRCRUB: APIError(code=-1121): Invalid symbol.
ERROR:__main__:Ошибка при обновлении цены для USDTERCUSDT: APIError(code=-1121): Invalid symbol.
ERROR:__main__:Ошибка при обновлении цены для USDTERCRUB: APIError(code=-1121): Invalid symbol.
ERROR:__main__:Ошибка при обновлении цены для USDTTRCUSDT: APIError(code=-1121): Invalid symbol.
ERROR:__main__:Ошибка при обновлении цены для USDTTRCRUB: APIError(code=-1121): Invalid symbol.
ERROR:__main__:Ошибка при обновлении цены для USDTERCUSDT: APIError(code=-1121): Invalid symbol.
ERROR:__main__:Ошибка при обновлении цены для USDTERCRUB: APIError(code=-1121): Invalid symbol.
ERROR:__main__:Ошибка при обновлении цены для USDTTRCUSDT: APIError(code=-1121): Invalid symbol.
ERROR:__main__:Ошибка при обновлении цены для USDTTRCRUB: APIError(code=-1121): Invalid symbol.
ERROR:__main__:Ошибка при обновлении цены для USDTERCUSDT: APIError(code=-1121): Invalid symbol.
ERROR:__main__:Ошибка при обновлении цены для USDTERCRUB: APIError(code=-1121): Invalid symbol.
ERROR:__main__:Ошибка при обновлении цены для USDTTRCUSDT: APIError(code=-1121): Invalid symbol.
ERROR:__main__:Ошибка при обновлении цены для USDTTRCRUB: APIError(code=-1121): Invalid symbol.
ERROR:__main__:Ошибка при обновлении цены для USDTERCUSDT: APIError(code=-1121): Invalid symbol.
ERROR:__main__:Ошибка при обновлении цены для USDTERCRUB: APIError(code=-1121): Invalid symbol.
ERROR:__main__:Ошибка при обновлении цены для USDTTRCUSDT: APIError(code=-1121): Invalid symbol.
ERROR:__main__:Ошибка при обновлении цены для USDTTRCRUB: APIError(code=-1121): Invalid symbol.
ERROR:__main__:Ошибка при обновлении цены для USDTERCUSDT: APIError(code=-1121): Invalid symbol.
ERROR:__main__:Ошибка при обновлении цены для USDTERCRUB: APIError(code=-1121): Invalid symbol.
ERROR:__main__:Ошибка при обновлении цены для USDTTRCUSDT: APIError(code=-1121): Invalid symbol.
ERROR:__main__:Ошибка при обновлении цены для USDTTRCRUB: APIError(code=-1121): Invalid symbol.
ERROR:__main__:Ошибка при обновлении цены для USDTERCUSDT: APIError(code=-1121): Invalid symbol.
ERROR:__main__:Ошибка при обновлении цены для USDTERCRUB: APIError(code=-1121): Invalid symbol.
ERROR:__main__:Ошибка при обновлении цены для USDTTRCUSDT: APIError(code=-1121): Invalid symbol.
ERROR:__main__:Ошибка при обновлении цены для USDTTRCRUB: APIError(code=-1121): Invalid symbol.
ERROR:__main__:Ошибка при обновлении цены для USDTERCUSDT: APIError(code=-1121): Invalid symbol.
ERROR:__main__:Ошибка при обновлении цены для USDTERCRUB: APIError(code=-1121): Invalid symbol.
ERROR:__main__:Ошибка при обновлении цены для USDTTRCUSDT: APIError(code=-1121): Invalid symbol.
ERROR:__main__:Ошибка при обновлении цены для USDTTRCRUB: APIError(code=-1121): Invalid symbol.
ERROR:__main__:Ошибка при обновлении цены для USDTERCUSDT: APIError(code=-1121): Invalid symbol.
ERROR:__main__:Ошибка при обновлении цены для USDTERCRUB: APIError(code=-1121): Invalid symbol.
ERROR:__main__:Ошибка при обновлении цены для USDTTRCUSDT: APIError(code=-1121): Invalid symbol.
ERROR:__main__:Ошибка при обновлении цены для USDTTRCRUB: APIError(code=-1121): Invalid symbol.
ERROR:__main__:Ошибка при обновлении цены для USDTERCUSDT: APIError(code=-1121): Invalid symbol.
ERROR:__main__:Ошибка при обновлении цены для USDTERCRUB: APIError(code=-1121): Invalid symbol.
ERROR:__main__:Ошибка при обновлении цены для USDTTRCUSDT: APIError(code=-1121): Invalid symbol.
ERROR:__main__:Ошибка при обновлении цены для USDTTRCRUB: APIError(code=-1121): Invalid symbol.
ERROR:__main__:Ошибка при обновлении цены для USDTERCUSDT: APIError(code=-1121): Invalid symbol.
ERROR:__main__:Ошибка при обновлении цены для USDTERCRUB: APIError(code=-1121): Invalid symbol.
ERROR:__main__:Ошибка при обновлении цены для USDTTRCUSDT: APIError(code=-1121): Invalid symbol.
ERROR:__main__:Ошибка при обновлении цены для USDTTRCRUB: APIError(code=-1121): Invalid symbol.
ERROR:__main__:Ошибка при обновлении цены для USDTERCUSDT: APIError(code=-1121): Invalid symbol.
ERROR:__main__:Ошибка при обновлении цены для USDTERCRUB: APIError(code=-1121): Invalid symbol.
ERROR:__main__:Ошибка при обновлении цены для USDTTRCUSDT: APIError(code=-1121): Invalid symbol.
ERROR:__main__:Ошибка при обновлении цены для USDTTRCRUB: APIError(code=-1121): Invalid symbol.
ERROR:__main__:Ошибка при обновлении цены для USDTERCUSDT: APIError(code=-1121): Invalid symbol.
ERROR:__main__:Ошибка при обновлении цены для USDTERCRUB: APIError(code=-1121): Invalid symbol.
ERROR:__main__:Ошибка при обновлении цены для USDTTRCUSDT: APIError(code=-1121): Invalid symbol.
ERROR:__main__:Ошибка при обновлении цены для USDTTRCRUB: APIError(code=-1121): Invalid symbol.
ERROR:__main__:Ошибка при обновлении цены для USDTERCUSDT: APIError(code=-1121): Invalid symbol.
ERROR:__main__:Ошибка при обновлении цены для USDTERCRUB: APIError(code=-1121): Invalid symbol.
ERROR:__main__:Ошибка при обновлении цены для USDTTRCUSDT: APIError(code=-1121): Invalid symbol.
ERROR:__main__:Ошибка при обновлении цены для USDTTRCRUB: APIError(code=-1121): Invalid symbol.
ERROR:__main__:Ошибка при обновлении цены для USDTERCUSDT: APIError(code=-1121): Invalid symbol.
ERROR:__main__:Ошибка при обновлении цены для USDTERCRUB: APIError(code=-1121): Invalid symbol.
ERROR:__main__:Ошибка при обновлении цены для USDTTRCUSDT: APIError(code=-1121): Invalid symbol.
ERROR:__main__:Ошибка при обновлении цены для USDTTRCRUB: APIError(code=-1121): Invalid symbol.
ERROR:__main__:Ошибка при обновлении цены для USDTERCUSDT: APIError(code=-1121): Invalid symbol.
ERROR:__main__:Ошибка при обновлении цены для USDTERCRUB: APIError(code=-1121): Invalid symbol.
ERROR:__main__:Ошибка при обновлении цены для USDTTRCUSDT: APIError(code=-1121): Invalid symbol.
ERROR:__main__:Ошибка при обновлении цены для USDTTRCRUB: APIError(code=-1121): Invalid symbol.
ERROR:__main__:Ошибка при обновлении цены для USDTERCUSDT: APIError(code=-1121): Invalid symbol.
ERROR:__main__:Ошибка при обновлении цены для USDTERCRUB: APIError(code=-1121): Invalid symbol.
ERROR:__main__:Ошибка при обновлении цены для USDTTRCUSDT: APIError(code=-1121): Invalid symbol.
ERROR:__main__:Ошибка при обновлении цены для USDTTRCRUB: APIError(code=-1121): Invalid symbol.
ERROR:__main__:Ошибка при обновлении цены для USDTERCUSDT: APIError(code=-1121): Invalid symbol.
ERROR:__main__:Ошибка при обновлении цены для USDTERCRUB: APIError(code=-1121): Invalid symbol.
ERROR:__main__:Ошибка при обновлении цены для USDTTRCUSDT: APIError(code=-1121): Invalid symbol.
ERROR:__main__:Ошибка при обновлении цены для USDTTRCRUB: APIError(code=-1121): Invalid symbol.
ERROR:__main__:Ошибка при обновлении цены для USDTERCUSDT: APIError(code=-1121): Invalid symbol.
ERROR:__main__:Ошибка при обновлении цены для USDTERCRUB: APIError(code=-1121): Invalid symbol.
ERROR:__main__:Ошибка при обновлении цены для USDTTRCUSDT: APIError(code=-1121): Invalid symbol.
ERROR:__main__:Ошибка при обновлении цены для USDTTRCRUB: APIError(code=-1121): Invalid symbol.
ERROR:__main__:Ошибка при обновлении цены для USDTERCUSDT: APIError(code=-1121): Invalid symbol.
ERROR:__main__:Ошибка при обновлении цены для USDTERCRUB: APIError(code=-1121): Invalid symbol.
ERROR:__main__:Ошибка при обновлении цены для USDTTRCUSDT: APIError(code=-1121): Invalid symbol.
ERROR:__main__:Ошибка при обновлении цены для USDTTRCRUB: APIError(code=-1121): Invalid symbol.
ERROR:__main__:Ошибка при обновлении цены для USDTERCUSDT: APIError(code=-1121): Invalid symbol.
ERROR:__main__:Ошибка при обновлении цены для USDTERCRUB: APIError(code=-1121): Invalid symbol.
ERROR:__main__:Ошибка при обновлении цены для USDTTRCUSDT: APIError(code=-1121): Invalid symbol.
ERROR:__main__:Ошибка при обновлении цены для USDTTRCRUB: APIError(code=-1121): Invalid symbol.
ERROR:__main__:Ошибка при обновлении цены для USDTERCUSDT: APIError(code=-1121): Invalid symbol.
ERROR:__main__:Ошибка при обновлении цены для USDTERCRUB: APIError(code=-1121): Invalid symbol.
ERROR:__main__:Ошибка при обновлении цены для USDTTRCUSDT: APIError(code=-1121): Invalid symbol.
ERROR:__main__:Ошибка при обновлении цены для USDTTRCRUB: APIError(code=-1121): Invalid symbol.
ERROR:__main__:Ошибка при обновлении цены для USDTERCUSDT: APIError(code=-1121): Invalid symbol.
ERROR:__main__:Ошибка при обновлении цены для USDTERCRUB: APIError(code=-1121): Invalid symbol.
ERROR:__main__:Ошибка при обновлении цены для USDTTRCUSDT: APIError(code=-1121): Invalid symbol.
ERROR:__main__:Ошибка при обновлении цены для USDTTRCRUB: APIError(code=-1121): Invalid symbol.
ERROR:__main__:Ошибка при обновлении цены для USDTERCUSDT: APIError(code=-1121): Invalid symbol.
ERROR:__main__:Ошибка при обновлении цены для USDTERCRUB: APIError(code=-1121): Invalid symbol.
ERROR:__main__:Ошибка при обновлении цены для USDTTRCUSDT: APIError(code=-1121): Invalid symbol.
ERROR:__main__:Ошибка при обновлении цены для USDTTRCRUB: APIError(code=-1121): Invalid symbol.
ERROR:__main__:Ошибка при обновлении цены для USDTERCUSDT: APIError(code=-1121): Invalid symbol.
ERROR:__main__:Ошибка при обновлении цены для USDTERCRUB: APIError(code=-1121): Invalid symbol.
ERROR:__main__:Ошибка при обновлении цены для USDTTRCUSDT: APIError(code=-1121): Invalid symbol.
ERROR:__main__:Ошибка при обновлении цены для USDTTRCRUB: APIError(code=-1121): Invalid symbol.
ERROR:__main__:Ошибка при обновлении цены для USDTERCUSDT: APIError(code=-1121): Invalid symbol.
ERROR:__main__:Ошибка при обновлении цены для USDTERCRUB: APIError(code=-1121): Invalid symbol.
ERROR:__main__:Ошибка при обновлении цены для USDTTRCUSDT: APIError(code=-1121): Invalid symbol.
ERROR:__main__:Ошибка при обновлении цены для USDTTRCRUB: APIError(code=-1121): Invalid symbol.
ERROR:__main__:Ошибка при обновлении цены для USDTERCUSDT: APIError(code=-1121): Invalid symbol.
ERROR:__main__:Ошибка при обновлении цены для USDTERCRUB: APIError(code=-1121): Invalid symbol.
ERROR:__main__:Ошибка при обновлении цены для USDTTRCUSDT: APIError(code=-1121): Invalid symbol.
ERROR:__main__:Ошибка при обновлении цены для USDTTRCRUB: APIError(code=-1121): Invalid symbol.
ERROR:__main__:Ошибка при обновлении цены для USDTERCUSDT: APIError(code=-1121): Invalid symbol.
ERROR:__main__:Ошибка при обновлении цены для USDTERCRUB: APIError(code=-1121): Invalid symbol.
ERROR:__main__:Ошибка при обновлении цены для USDTTRCUSDT: APIError(code=-1121): Invalid symbol.
ERROR:__main__:Ошибка при обновлении цены для USDTTRCRUB: APIError(code=-1121): Invalid symbol.
ERROR:__main__:Ошибка при обновлении цены для USDTERCUSDT: APIError(code=-1121): Invalid symbol.
ERROR:__main__:Ошибка при обновлении цены для USDTERCRUB: APIError(code=-1121): Invalid symbol.
ERROR:__main__:Ошибка при обновлении цены для USDTTRCUSDT: APIError(code=-1121): Invalid symbol.
ERROR:__main__:Ошибка при обновлении цены для USDTTRCRUB: APIError(code=-1121): Invalid symbol.
ERROR:__main__:Ошибка при обновлении цены для USDTERCUSDT: APIError(code=-1121): Invalid symbol.
ERROR:__main__:Ошибка при обновлении цены для USDTERCRUB: APIError(code=-1121): Invalid symbol.
ERROR:__main__:Ошибка при обновлении цены для USDTTRCUSDT: APIError(code=-1121): Invalid symbol.
ERROR:__main__:Ошибка при обновлении цены для USDTTRCRUB: APIError(code=-1121): Invalid symbol.
ERROR:__main__:Ошибка при обновлении цены для USDTERCUSDT: APIError(code=-1121): Invalid symbol.
ERROR:__main__:Ошибка при обновлении цены для USDTERCRUB: APIError(code=-1121): Invalid symbol.
ERROR:__main__:Ошибка при обновлении цены для USDTTRCUSDT: APIError(code=-1121): Invalid symbol.
ERROR:__main__:Ошибка при обновлении цены для USDTTRCRUB: APIError(code=-1121): Invalid symbol.
ERROR:__main__:Ошибка при обновлении цены для USDTERCUSDT: APIError(code=-1121): Invalid symbol.
ERROR:__main__:Ошибка при обновлении цены для USDTERCRUB: APIError(code=-1121): Invalid symbol.
ERROR:__main__:Ошибка при обновлении цены для USDTTRCUSDT: APIError(code=-1121): Invalid symbol.
ERROR:__main__:Ошибка при обновлении цены для USDTTRCRUB: APIError(code=-1121): Invalid symbol.
ERROR:__main__:Ошибка при обновлении цены для USDTERCUSDT: APIError(code=-1121): Invalid symbol.
ERROR:__main__:Ошибка при обновлении цены для USDTERCRUB: APIError(code=-1121): Invalid symbol.
ERROR:__main__:Ошибка при обновлении цены для USDTTRCUSDT: APIError(code=-1121): Invalid symbol.
ERROR:__main__:Ошибка при обновлении цены для USDTTRCRUB: APIError(code=-1121): Invalid symbol.
ERROR:__main__:Ошибка при обновлении цены для USDTERCUSDT: APIError(code=-1121): Invalid symbol.
ERROR:__main__:Ошибка при обновлении цены для USDTERCRUB: APIError(code=-1121): Invalid symbol.
ERROR:__main__:Ошибка при обновлении цены для USDTTRCUSDT: APIError(code=-1121): Invalid symbol.
ERROR:__main__:Ошибка при обновлении цены для USDTTRCRUB: APIError(code=-1121): Invalid symbol.
ERROR:__main__:Ошибка при обновлении цены для USDTERCUSDT: APIError(code=-1121): Invalid symbol.
ERROR:__main__:Ошибка при обновлении цены для USDTERCRUB: APIError(code=-1121): Invalid symbol.
ERROR:__main__:Ошибка при обновлении цены для USDTTRCUSDT: APIError(code=-1121): Invalid symbol.
ERROR:__main__:Ошибка при обновлении цены для USDTTRCRUB: APIError(code=-1121): Invalid symbol.
ERROR:__main__:Ошибка при обновлении цены для USDTERCUSDT: APIError(code=-1121): Invalid symbol.
ERROR:__main__:Ошибка при обновлении цены для USDTERCRUB: APIError(code=-1121): Invalid symbol.
ERROR:__main__:Ошибка при обновлении цены для USDTTRCUSDT: APIError(code=-1121): Invalid symbol.
ERROR:__main__:Ошибка при обновлении цены для USDTTRCRUB: APIError(code=-1121): Invalid symbol.
ERROR:__main__:Ошибка при обновлении цены для USDTERCUSDT: APIError(code=-1121): Invalid symbol.
ERROR:__main__:Ошибка при обновлении цены для USDTERCRUB: APIError(code=-1121): Invalid symbol.
ERROR:__main__:Ошибка при обновлении цены для USDTTRCUSDT: APIError(code=-1121): Invalid symbol.
ERROR:__main__:Ошибка при обновлении цены для USDTTRCRUB: APIError(code=-1121): Invalid symbol.
ERROR:__main__:Ошибка при обновлении цены для USDTERCUSDT: APIError(code=-1121): Invalid symbol.
ERROR:__main__:Ошибка при обновлении цены для USDTERCRUB: APIError(code=-1121): Invalid symbol.
ERROR:__main__:Ошибка при обновлении цены для USDTTRCUSDT: APIError(code=-1121): Invalid symbol.
ERROR:__main__:Ошибка при обновлении цены для USDTTRCRUB: APIError(code=-1121): Invalid symbol.
ERROR:__main__:Ошибка при обновлении цены для USDTERCUSDT: APIError(code=-1121): Invalid symbol.
ERROR:__main__:Ошибка при обновлении цены для USDTERCRUB: APIError(code=-1121): Invalid symbol.
ERROR:__main__:Ошибка при обновлении цены для USDTTRCUSDT: APIError(code=-1121): Invalid symbol.
ERROR:__main__:Ошибка при обновлении цены для USDTTRCRUB: APIError(code=-1121): Invalid symbol.
ERROR:__main__:Ошибка при обновлении цены для USDTERCUSDT: APIError(code=-1121): Invalid symbol.
ERROR:__main__:Ошибка при обновлении цены для USDTERCRUB: APIError(code=-1121): Invalid symbol.
ERROR:__main__:Ошибка при обновлении цены для USDTTRCUSDT: APIError(code=-1121): Invalid symbol.
ERROR:__main__:Ошибка при обновлении цены для USDTTRCRUB: APIError(code=-1121): Invalid symbol.
ERROR:__main__:Ошибка при обновлении цены для USDTERCUSDT: APIError(code=-1121): Invalid symbol.
ERROR:__main__:Ошибка при обновлении цены для USDTERCRUB: APIError(code=-1121): Invalid symbol.
ERROR:__main__:Ошибка при обновлении цены для USDTTRCUSDT: APIError(code=-1121): Invalid symbol.
ERROR:__main__:Ошибка при обновлении цены для USDTTRCRUB: APIError(code=-1121): Invalid symbol.
ERROR:__main__:Ошибка при обновлении цены для USDTERCUSDT: APIError(code=-1121): Invalid symbol.
ERROR:__main__:Ошибка при обновлении цены для USDTERCRUB: APIError(code=-1121): Invalid symbol.
ERROR:__main__:Ошибка при обновлении цены для USDTTRCUSDT: APIError(code=-1121): Invalid symbol.
ERROR:__main__:Ошибка при обновлении цены для USDTTRCRUB: APIError(code=-1121): Invalid symbol.
ERROR:__main__:Ошибка при обновлении цены для USDTERCUSDT: APIError(code=-1121): Invalid symbol.
ERROR:__main__:Ошибка при обновлении цены для USDTERCRUB: APIError(code=-1121): Invalid symbol.
ERROR:__main__:Ошибка при обновлении цены для USDTTRCUSDT: APIError(code=-1121): Invalid symbol.
ERROR:__main__:Ошибка при обновлении цены для USDTTRCRUB: APIError(code=-1121): Invalid symbol.
ERROR:__main__:Ошибка при обновлении цены для USDTERCUSDT: APIError(code=-1121): Invalid symbol.
ERROR:__main__:Ошибка при обновлении цены для USDTERCRUB: APIError(code=-1121): Invalid symbol.
ERROR:__main__:Ошибка при обновлении цены для USDTTRCUSDT: APIError(code=-1121): Invalid symbol.
ERROR:__main__:Ошибка при обновлении цены для USDTTRCRUB: APIError(code=-1121): Invalid symbol.
ERROR:__main__:Ошибка при обновлении цены для USDTERCUSDT: APIError(code=-1121): Invalid symbol.
ERROR:__main__:Ошибка при обновлении цены для USDTERCRUB: APIError(code=-1121): Invalid symbol.
ERROR:__main__:Ошибка при обновлении цены для USDTTRCUSDT: APIError(code=-1121): Invalid symbol.
ERROR:__main__:Ошибка при обновлении цены для USDTTRCRUB: APIError(code=-1121): Invalid symbol.
ERROR:__main__:Ошибка при обновлении цены для USDTERCUSDT: APIError(code=-1121): Invalid symbol.
ERROR:__main__:Ошибка при обновлении цены для USDTERCRUB: APIError(code=-1121): Invalid symbol.
ERROR:__main__:Ошибка при обновлении цены для USDTTRCUSDT: APIError(code=-1121): Invalid symbol.
ERROR:__main__:Ошибка при обновлении цены для USDTTRCRUB: APIError(code=-1121): Invalid symbol.
ERROR:__main__:Ошибка при обновлении цены для USDTERCUSDT: APIError(code=-1121): Invalid symbol.
ERROR:__main__:Ошибка при обновлении цены для USDTERCRUB: APIError(code=-1121): Invalid symbol.
ERROR:__main__:Ошибка при обновлении цены для USDTTRCUSDT: APIError(code=-1121): Invalid symbol.
ERROR:__main__:Ошибка при обновлении цены для USDTTRCRUB: APIError(code=-1121): Invalid symbol.
ERROR:__main__:Ошибка при обновлении цены для USDTERCUSDT: APIError(code=-1121): Invalid symbol.
ERROR:__main__:Ошибка при обновлении цены для USDTERCRUB: APIError(code=-1121): Invalid symbol.
ERROR:__main__:Ошибка при обновлении цены для USDTTRCUSDT: APIError(code=-1121): Invalid symbol.
ERROR:__main__:Ошибка при обновлении цены для USDTTRCRUB: APIError(code=-1121): Invalid symbol.
ERROR:__main__:Ошибка при обновлении цены для USDTERCUSDT: APIError(code=-1121): Invalid symbol.
ERROR:__main__:Ошибка при обновлении цены для USDTERCRUB: APIError(code=-1121): Invalid symbol.
ERROR:__main__:Ошибка при обновлении цены для USDTTRCUSDT: APIError(code=-1121): Invalid symbol.
ERROR:__main__:Ошибка при обновлении цены для USDTTRCRUB: APIError(code=-1121): Invalid symbol.
ERROR:__main__:Ошибка при обновлении цены для USDTERCUSDT: APIError(code=-1121): Invalid symbol.
ERROR:__main__:Ошибка при обновлении цены для USDTERCRUB: APIError(code=-1121): Invalid symbol.
ERROR:__main__:Ошибка при обновлении цены для USDTTRCUSDT: APIError(code=-1121): Invalid symbol.
ERROR:__main__:Ошибка при обновлении цены для USDTTRCRUB: APIError(code=-1121): Invalid symbol.
ERROR:__main__:Ошибка при обновлении цены для USDTERCUSDT: APIError(code=-1121): Invalid symbol.
ERROR:__main__:Ошибка при обновлении цены для USDTERCRUB: APIError(code=-1121): Invalid symbol.
ERROR:__main__:Ошибка при обновлении цены для USDTTRCUSDT: APIError(code=-1121): Invalid symbol.
ERROR:__main__:Ошибка при обновлении цены для USDTTRCRUB: APIError(code=-1121): Invalid symbol.
ERROR:__main__:Ошибка при обновлении цены для USDTERCUSDT: APIError(code=-1121): Invalid symbol.
ERROR:__main__:Ошибка при обновлении цены для USDTERCRUB: APIError(code=-1121): Invalid symbol.
ERROR:__main__:Ошибка при обновлении цены для USDTTRCUSDT: APIError(code=-1121): Invalid symbol.
ERROR:__main__:Ошибка при обновлении цены для USDTTRCRUB: APIError(code=-1121): Invalid symbol.
ERROR:__main__:Ошибка при обновлении цены для USDTERCUSDT: APIError(code=-1121): Invalid symbol.
ERROR:__main__:Ошибка при обновлении цены для USDTERCRUB: APIError(code=-1121): Invalid symbol.
ERROR:__main__:Ошибка при обновлении цены для USDTTRCUSDT: APIError(code=-1121): Invalid symbol.
ERROR:__main__:Ошибка при обновлении цены для USDTTRCRUB: APIError(code=-1121): Invalid symbol.
ERROR:__main__:Ошибка при обновлении цены для USDTERCUSDT: APIError(code=-1121): Invalid symbol.
ERROR:__main__:Ошибка при обновлении цены для USDTERCRUB: APIError(code=-1121): Invalid symbol.
ERROR:__main__:Ошибка при обновлении цены для USDTTRCUSDT: APIError(code=-1121): Invalid symbol.
ERROR:__main__:Ошибка при обновлении цены для USDTTRCRUB: APIError(code=-1121): Invalid symbol.
ERROR:__main__:Ошибка при обновлении цены для USDTERCUSDT: APIError(code=-1121): Invalid symbol.
ERROR:__main__:Ошибка при обновлении цены для USDTERCRUB: APIError(code=-1121): Invalid symbol.
ERROR:__main__:Ошибка при обновлении цены для USDTTRCUSDT: APIError(code=-1121): Invalid symbol.
ERROR:__main__:Ошибка при обновлении цены для USDTTRCRUB: APIError(code=-1121): Invalid symbol.
ERROR:__main__:Ошибка при обновлении цены для USDTERCUSDT: APIError(code=-1121): Invalid symbol.
ERROR:__main__:Ошибка при обновлении цены для USDTERCRUB: APIError(code=-1121): Invalid symbol.
ERROR:__main__:Ошибка при обновлении цены для USDTTRCUSDT: APIError(code=-1121): Invalid symbol.
ERROR:__main__:Ошибка при обновлении цены для USDTTRCRUB: APIError(code=-1121): Invalid symbol.
ERROR:__main__:Ошибка при обновлении цены для USDTERCUSDT: APIError(code=-1121): Invalid symbol.
ERROR:__main__:Ошибка при обновлении цены для USDTERCRUB: APIError(code=-1121): Invalid symbol.
ERROR:__main__:Ошибка при обновлении цены для USDTTRCUSDT: APIError(code=-1121): Invalid symbol.
ERROR:__main__:Ошибка при обновлении цены для USDTTRCRUB: APIError(code=-1121): Invalid symbol.
ERROR:__main__:Ошибка при обновлении цены для USDTERCUSDT: APIError(code=-1121): Invalid symbol.
ERROR:__main__:Ошибка при обновлении цены для USDTERCRUB: APIError(code=-1121): Invalid symbol.
ERROR:__main__:Ошибка при обновлении цены для USDTTRCUSDT: APIError(code=-1121): Invalid symbol.
ERROR:__main__:Ошибка при обновлении цены для USDTTRCRUB: APIError(code=-1121): Invalid symbol.
ERROR:__main__:Ошибка при обновлении цены для USDTERCUSDT: APIError(code=-1121): Invalid symbol.
ERROR:__main__:Ошибка при обновлении цены для USDTERCRUB: APIError(code=-1121): Invalid symbol.
ERROR:__main__:Ошибка при обновлении цены для USDTTRCUSDT: APIError(code=-1121): Invalid symbol.
ERROR:__main__:Ошибка при обновлении цены для USDTTRCRUB: APIError(code=-1121): Invalid symbol.
ERROR:__main__:Ошибка при обновлении цены для USDTERCUSDT: APIError(code=-1121): Invalid symbol.
ERROR:__main__:Ошибка при обновлении цены для USDTERCRUB: APIError(code=-1121): Invalid symbol.
ERROR:__main__:Ошибка при обновлении цены для USDTTRCUSDT: APIError(code=-1121): Invalid symbol.
ERROR:__main__:Ошибка при обновлении цены для USDTTRCRUB: APIError(code=-1121): Invalid symbol.
ERROR:__main__:Ошибка при обновлении цены для USDTERCUSDT: APIError(code=-1121): Invalid symbol.
ERROR:__main__:Ошибка при обновлении цены для USDTERCRUB: APIError(code=-1121): Invalid symbol.
ERROR:__main__:Ошибка при обновлении цены для USDTTRCUSDT: APIError(code=-1121): Invalid symbol.
ERROR:__main__:Ошибка при обновлении цены для USDTTRCRUB: APIError(code=-1121): Invalid symbol.
ERROR:__main__:Ошибка при обновлении цены для USDTERCUSDT: APIError(code=-1121): Invalid symbol.
ERROR:__main__:Ошибка при обновлении цены для USDTERCRUB: APIError(code=-1121): Invalid symbol.
ERROR:__main__:Ошибка при обновлении цены для USDTTRCUSDT: APIError(code=-1121): Invalid symbol.
ERROR:__main__:Ошибка при обновлении цены для USDTTRCRUB: APIError(code=-1121): Invalid symbol.
ERROR:__main__:Ошибка при обновлении цены для USDTERCUSDT: APIError(code=-1121): Invalid symbol.
ERROR:__main__:Ошибка при обновлении цены для USDTERCRUB: APIError(code=-1121): Invalid symbol.
ERROR:__main__:Ошибка при обновлении цены для USDTTRCUSDT: APIError(code=-1121): Invalid symbol.
ERROR:__main__:Ошибка при обновлении цены для USDTTRCRUB: APIError(code=-1121): Invalid symbol.
ERROR:__main__:Ошибка при обновлении цены для USDTERCUSDT: APIError(code=-1121): Invalid symbol.
ERROR:__main__:Ошибка при обновлении цены для USDTERCRUB: APIError(code=-1121): Invalid symbol.
ERROR:__main__:Ошибка при обновлении цены для USDTTRCUSDT: APIError(code=-1121): Invalid symbol.
ERROR:__main__:Ошибка при обновлении цены для USDTTRCRUB: APIError(code=-1121): Invalid symbol.
ERROR:__main__:Ошибка при обновлении цены для USDTERCUSDT: APIError(code=-1121): Invalid symbol.
ERROR:__main__:Ошибка при обновлении цены для USDTERCRUB: APIError(code=-1121): Invalid symbol.
ERROR:__main__:Ошибка при обновлении цены для USDTTRCUSDT: APIError(code=-1121): Invalid symbol.
ERROR:__main__:Ошибка при обновлении цены для USDTTRCRUB: APIError(code=-1121): Invalid symbol.
ERROR:__main__:Ошибка при обновлении цены для USDTERCUSDT: APIError(code=-1121): Invalid symbol.
ERROR:__main__:Ошибка при обновлении цены для USDTERCRUB: APIError(code=-1121): Invalid symbol.
ERROR:__main__:Ошибка при обновлении цены для USDTTRCUSDT: APIError(code=-1121): Invalid symbol.
ERROR:__main__:Ошибка при обновлении цены для USDTTRCRUB: APIError(code=-1121): Invalid symbol.
ERROR:__main__:Ошибка при обновлении цены для USDTERCUSDT: APIError(code=-1121): Invalid symbol.
ERROR:__main__:Ошибка при обновлении цены для USDTERCRUB: APIError(code=-1121): Invalid symbol.
ERROR:__main__:Ошибка при обновлении цены для USDTTRCUSDT: APIError(code=-1121): Invalid symbol.
ERROR:__main__:Ошибка при обновлении цены для USDTTRCRUB: APIError(code=-1121): Invalid symbol.
ERROR:__main__:Ошибка при обновлении цены для USDTERCUSDT: APIError(code=-1121): Invalid symbol.
ERROR:__main__:Ошибка при обновлении цены для USDTERCRUB: APIError(code=-1121): Invalid symbol.
ERROR:__main__:Ошибка при обновлении цены для USDTTRCUSDT: APIError(code=-1121): Invalid symbol.
ERROR:__main__:Ошибка при обновлении цены для USDTTRCRUB: APIError(code=-1121): Invalid symbol.
ERROR:__main__:Ошибка при обновлении цены для USDTERCUSDT: APIError(code=-1121): Invalid symbol.
ERROR:__main__:Ошибка при обновлении цены для USDTERCRUB: APIError(code=-1121): Invalid symbol.
ERROR:asyncio:Unclosed client session
client_session: <aiohttp.client.ClientSession object at 0x7f52f1f91f90>
